{"total": {"lines":{"total":1334,"covered":181,"skipped":0,"pct":13.56},"statements":{"total":1387,"covered":189,"skipped":0,"pct":13.62},"functions":{"total":392,"covered":73,"skipped":0,"pct":18.62},"branches":{"total":531,"covered":52,"skipped":0,"pct":9.79},"branchesTrue":{"total":0,"covered":0,"skipped":0,"pct":100}}
,"C:/Users/m0retto/Documents/projects/limmiar/apps/app/security-headers.ts": {"lines":{"total":2,"covered":0,"skipped":0,"pct":0},"functions":{"total":1,"covered":0,"skipped":0,"pct":0},"statements":{"total":3,"covered":0,"skipped":0,"pct":0},"branches":{"total":0,"covered":0,"skipped":0,"pct":100}}
,"C:\\Users\\m0retto\\Documents\\projects\\limmiar\\apps\\app\\src\\App.tsx": {"lines":{"total":1,"covered":0,"skipped":0,"pct":0},"functions":{"total":1,"covered":0,"skipped":0,"pct":0},"statements":{"total":1,"covered":0,"skipped":0,"pct":0},"branches":{"total":0,"covered":0,"skipped":0,"pct":100}}
,"C:/Users/m0retto/Documents/projects/limmiar/apps/app/src/app/providers/AppProviders.tsx": {"lines":{"total":3,"covered":0,"skipped":0,"pct":0},"functions":{"total":2,"covered":0,"skipped":0,"pct":0},"statements":{"total":3,"covered":0,"skipped":0,"pct":0},"branches":{"total":0,"covered":0,"skipped":0,"pct":100}}
,"C:/Users/m0retto/Documents/projects/limmiar/apps/app/src/app/providers/SessionProvider.tsx": {"lines":{"total":14,"covered":9,"skipped":0,"pct":64.28},"functions":{"total":5,"covered":4,"skipped":0,"pct":80},"statements":{"total":15,"covered":10,"skipped":0,"pct":66.66},"branches":{"total":6,"covered":2,"skipped":0,"pct":33.33}}
,"C:/Users/m0retto/Documents/projects/limmiar/apps/app/src/app/providers/purgar-conta.ts": {"lines":{"total":5,"covered":1,"skipped":0,"pct":20},"functions":{"total":1,"covered":0,"skipped":0,"pct":0},"statements":{"total":5,"covered":1,"skipped":0,"pct":20},"branches":{"total":0,"covered":0,"skipped":0,"pct":100}}
,"C:/Users/m0retto/Documents/projects/limmiar/apps/app/src/app/routing/E2eMicrofoneScaffold.tsx": {"lines":{"total":4,"covered":4,"skipped":0,"pct":100},"functions":{"total":3,"covered":3,"skipped":0,"pct":100},"statements":{"total":4,"covered":4,"skipped":0,"pct":100},"branches":{"total":6,"covered":6,"skipped":0,"pct":100}}
,"C:/Users/m0retto/Documents/projects/limmiar/apps/app/src/app/routing/router.tsx": {"lines":{"total":58,"covered":58,"skipped":0,"pct":100},"functions":{"total":32,"covered":32,"skipped":0,"pct":100},"statements":{"total":59,"covered":59,"skipped":0,"pct":100},"branches":{"total":10,"covered":10,"skipped":0,"pct":100}}
,"C:/Users/m0retto/Documents/projects/limmiar/apps/app/src/entities/account/api.ts": {"lines":{"total":53,"covered":0,"skipped":0,"pct":0},"functions":{"total":11,"covered":0,"skipped":0,"pct":0},"statements":{"total":53,"covered":0,"skipped":0,"pct":0},"branches":{"total":22,"covered":0,"skipped":0,"pct":0}}
,"C:/Users/m0retto/Documents/projects/limmiar/apps/app/src/entities/account/argon2-params.ts": {"lines":{"total":1,"covered":0,"skipped":0,"pct":0},"functions":{"total":0,"covered":0,"skipped":0,"pct":100},"statements":{"total":1,"covered":0,"skipped":0,"pct":0},"branches":{"total":0,"covered":0,"skipped":0,"pct":100}}
,"C:/Users/m0retto/Documents/projects/limmiar/apps/app/src/entities/account/password-verifier.ts": {"lines":{"total":5,"covered":0,"skipped":0,"pct":0},"functions":{"total":2,"covered":0,"skipped":0,"pct":0},"statements":{"total":5,"covered":0,"skipped":0,"pct":0},"branches":{"total":0,"covered":0,"skipped":0,"pct":100}}
,"C:/Users/m0retto/Documents/projects/limmiar/apps/app/src/entities/account/recovery-verifier.ts": {"lines":{"total":2,"covered":0,"skipped":0,"pct":0},"functions":{"total":1,"covered":0,"skipped":0,"pct":0},"statements":{"total":2,"covered":0,"skipped":0,"pct":0},"branches":{"total":0,"covered":0,"skipped":0,"pct":100}}
,"C:/Users/m0retto/Documents/projects/limmiar/apps/app/src/entities/account/session-context.tsx": {"lines":{"total":5,"covered":4,"skipped":0,"pct":80},"functions":{"total":1,"covered":1,"skipped":0,"pct":100},"statements":{"total":5,"covered":4,"skipped":0,"pct":80},"branches":{"total":2,"covered":1,"skipped":0,"pct":50}}
,"C:/Users/m0retto/Documents/projects/limmiar/apps/app/src/entities/account/session.ts": {"lines":{"total":22,"covered":18,"skipped":0,"pct":81.81},"functions":{"total":5,"covered":4,"skipped":0,"pct":80},"statements":{"total":22,"covered":18,"skipped":0,"pct":81.81},"branches":{"total":15,"covered":13,"skipped":0,"pct":86.66}}
,"C:/Users/m0retto/Documents/projects/limmiar/apps/app/src/entities/consentimento/api.ts": {"lines":{"total":12,"covered":2,"skipped":0,"pct":16.66},"functions":{"total":3,"covered":1,"skipped":0,"pct":33.33},"statements":{"total":12,"covered":2,"skipped":0,"pct":16.66},"branches":{"total":6,"covered":2,"skipped":0,"pct":33.33}}
,"C:/Users/m0retto/Documents/projects/limmiar/apps/app/src/entities/device/api.ts": {"lines":{"total":24,"covered":0,"skipped":0,"pct":0},"functions":{"total":5,"covered":0,"skipped":0,"pct":0},"statements":{"total":24,"covered":0,"skipped":0,"pct":0},"branches":{"total":10,"covered":0,"skipped":0,"pct":0}}
,"C:/Users/m0retto/Documents/projects/limmiar/apps/app/src/entities/gravacao/audio-crypto.ts": {"lines":{"total":4,"covered":1,"skipped":0,"pct":25},"functions":{"total":3,"covered":0,"skipped":0,"pct":0},"statements":{"total":4,"covered":1,"skipped":0,"pct":25},"branches":{"total":0,"covered":0,"skipped":0,"pct":100}}
,"C:/Users/m0retto/Documents/projects/limmiar/apps/app/src/entities/nota/api.ts": {"lines":{"total":10,"covered":0,"skipped":0,"pct":0},"functions":{"total":2,"covered":0,"skipped":0,"pct":0},"statements":{"total":10,"covered":0,"skipped":0,"pct":0},"branches":{"total":4,"covered":0,"skipped":0,"pct":0}}
,"C:/Users/m0retto/Documents/projects/limmiar/apps/app/src/entities/nota/nota-crypto.ts": {"lines":{"total":4,"covered":1,"skipped":0,"pct":25},"functions":{"total":3,"covered":0,"skipped":0,"pct":0},"statements":{"total":4,"covered":1,"skipped":0,"pct":25},"branches":{"total":0,"covered":0,"skipped":0,"pct":100}}
,"C:/Users/m0retto/Documents/projects/limmiar/apps/app/src/entities/nota/nota.ts": {"lines":{"total":16,"covered":4,"skipped":0,"pct":25},"functions":{"total":11,"covered":0,"skipped":0,"pct":0},"statements":{"total":20,"covered":4,"skipped":0,"pct":20},"branches":{"total":4,"covered":0,"skipped":0,"pct":0}}
,"C:/Users/m0retto/Documents/projects/limmiar/apps/app/src/entities/patient/api.ts": {"lines":{"total":22,"covered":0,"skipped":0,"pct":0},"functions":{"total":6,"covered":0,"skipped":0,"pct":0},"statements":{"total":22,"covered":0,"skipped":0,"pct":0},"branches":{"total":8,"covered":0,"skipped":0,"pct":0}}
,"C:/Users/m0retto/Documents/projects/limmiar/apps/app/src/entities/patient/decrypt-summaries.ts": {"lines":{"total":9,"covered":0,"skipped":0,"pct":0},"functions":{"total":3,"covered":0,"skipped":0,"pct":0},"statements":{"total":10,"covered":0,"skipped":0,"pct":0},"branches":{"total":2,"covered":0,"skipped":0,"pct":0}}
,"C:/Users/m0retto/Documents/projects/limmiar/apps/app/src/entities/patient/patient-crypto.ts": {"lines":{"total":16,"covered":2,"skipped":0,"pct":12.5},"functions":{"total":8,"covered":0,"skipped":0,"pct":0},"statements":{"total":17,"covered":2,"skipped":0,"pct":11.76},"branches":{"total":2,"covered":0,"skipped":0,"pct":0}}
,"C:/Users/m0retto/Documents/projects/limmiar/apps/app/src/entities/patient/patient-summary.ts": {"lines":{"total":20,"covered":0,"skipped":0,"pct":0},"functions":{"total":3,"covered":0,"skipped":0,"pct":0},"statements":{"total":20,"covered":0,"skipped":0,"pct":0},"branches":{"total":22,"covered":0,"skipped":0,"pct":0}}
,"C:/Users/m0retto/Documents/projects/limmiar/apps/app/src/entities/patient/patient-summary.worker.ts": {"lines":{"total":2,"covered":0,"skipped":0,"pct":0},"functions":{"total":1,"covered":0,"skipped":0,"pct":0},"statements":{"total":2,"covered":0,"skipped":0,"pct":0},"branches":{"total":0,"covered":0,"skipped":0,"pct":100}}
,"C:/Users/m0retto/Documents/projects/limmiar/apps/app/src/entities/patient/worker-client.ts": {"lines":{"total":14,"covered":0,"skipped":0,"pct":0},"functions":{"total":6,"covered":0,"skipped":0,"pct":0},"statements":{"total":14,"covered":0,"skipped":0,"pct":0},"branches":{"total":0,"covered":0,"skipped":0,"pct":100}}
,"C:\\Users\\m0retto\\Documents\\projects\\limmiar\\apps\\app\\src\\features\\copilot-byok\\CopilotKeySetup.tsx": {"lines":{"total":19,"covered":0,"skipped":0,"pct":0},"functions":{"total":6,"covered":0,"skipped":0,"pct":0},"statements":{"total":19,"covered":0,"skipped":0,"pct":0},"branches":{"total":12,"covered":0,"skipped":0,"pct":0}}
,"C:/Users/m0retto/Documents/projects/limmiar/apps/app/src/features/copilot-byok/copilot-crypto.ts": {"lines":{"total":4,"covered":2,"skipped":0,"pct":50},"functions":{"total":2,"covered":0,"skipped":0,"pct":0},"statements":{"total":4,"covered":2,"skipped":0,"pct":50},"branches":{"total":0,"covered":0,"skipped":0,"pct":100}}
,"C:/Users/m0retto/Documents/projects/limmiar/apps/app/src/features/copilot-byok/cors-probe.ts": {"lines":{"total":4,"covered":0,"skipped":0,"pct":0},"functions":{"total":1,"covered":0,"skipped":0,"pct":0},"statements":{"total":4,"covered":0,"skipped":0,"pct":0},"branches":{"total":1,"covered":0,"skipped":0,"pct":0}}
,"C:/Users/m0retto/Documents/projects/limmiar/apps/app/src/features/copilot-byok/key-store.ts": {"lines":{"total":31,"covered":2,"skipped":0,"pct":6.45},"functions":{"total":5,"covered":0,"skipped":0,"pct":0},"statements":{"total":31,"covered":2,"skipped":0,"pct":6.45},"branches":{"total":14,"covered":0,"skipped":0,"pct":0}}
,"C:/Users/m0retto/Documents/projects/limmiar/apps/app/src/features/copilot-byok/provider-registry.ts": {"lines":{"total":1,"covered":0,"skipped":0,"pct":0},"functions":{"total":0,"covered":0,"skipped":0,"pct":100},"statements":{"total":1,"covered":0,"skipped":0,"pct":0},"branches":{"total":0,"covered":0,"skipped":0,"pct":100}}
,"C:\\Users\\m0retto\\Documents\\projects\\limmiar\\apps\\app\\src\\features\\device-pairing-new\\PairNewDevice.tsx": {"lines":{"total":42,"covered":0,"skipped":0,"pct":0},"functions":{"total":7,"covered":0,"skipped":0,"pct":0},"statements":{"total":44,"covered":0,"skipped":0,"pct":0},"branches":{"total":16,"covered":0,"skipped":0,"pct":0}}
,"C:\\Users\\m0retto\\Documents\\projects\\limmiar\\apps\\app\\src\\features\\device-pairing-primary\\PairPrimaryDevice.tsx": {"lines":{"total":27,"covered":0,"skipped":0,"pct":0},"functions":{"total":4,"covered":0,"skipped":0,"pct":0},"statements":{"total":28,"covered":0,"skipped":0,"pct":0},"branches":{"total":8,"covered":0,"skipped":0,"pct":0}}
,"C:\\Users\\m0retto\\Documents\\projects\\limmiar\\apps\\app\\src\\features\\device-pairing-primary\\PairingQr.tsx": {"lines":{"total":52,"covered":0,"skipped":0,"pct":0},"functions":{"total":8,"covered":0,"skipped":0,"pct":0},"statements":{"total":52,"covered":0,"skipped":0,"pct":0},"branches":{"total":30,"covered":0,"skipped":0,"pct":0}}
,"C:/Users/m0retto/Documents/projects/limmiar/apps/app/src/features/live-session/asr.worker.ts": {"lines":{"total":16,"covered":0,"skipped":0,"pct":0},"functions":{"total":4,"covered":0,"skipped":0,"pct":0},"statements":{"total":16,"covered":0,"skipped":0,"pct":0},"branches":{"total":6,"covered":0,"skipped":0,"pct":0}}
,"C:/Users/m0retto/Documents/projects/limmiar/apps/app/src/features/live-session/chunk-store.ts": {"lines":{"total":7,"covered":0,"skipped":0,"pct":0},"functions":{"total":3,"covered":0,"skipped":0,"pct":0},"statements":{"total":7,"covered":0,"skipped":0,"pct":0},"branches":{"total":0,"covered":0,"skipped":0,"pct":100}}
,"C:/Users/m0retto/Documents/projects/limmiar/apps/app/src/features/live-session/engine-for.ts": {"lines":{"total":23,"covered":0,"skipped":0,"pct":0},"functions":{"total":9,"covered":0,"skipped":0,"pct":0},"statements":{"total":26,"covered":0,"skipped":0,"pct":0},"branches":{"total":6,"covered":0,"skipped":0,"pct":0}}
,"C:/Users/m0retto/Documents/projects/limmiar/apps/app/src/features/live-session/live-session.ts": {"lines":{"total":65,"covered":0,"skipped":0,"pct":0},"functions":{"total":22,"covered":0,"skipped":0,"pct":0},"statements":{"total":73,"covered":0,"skipped":0,"pct":0},"branches":{"total":9,"covered":0,"skipped":0,"pct":0}}
,"C:/Users/m0retto/Documents/projects/limmiar/apps/app/src/features/live-session/microfone.ts": {"lines":{"total":6,"covered":0,"skipped":0,"pct":0},"functions":{"total":1,"covered":0,"skipped":0,"pct":0},"statements":{"total":6,"covered":0,"skipped":0,"pct":0},"branches":{"total":3,"covered":0,"skipped":0,"pct":0}}
,"C:/Users/m0retto/Documents/projects/limmiar/apps/app/src/features/live-session/nemotron-loader.ts": {"lines":{"total":8,"covered":0,"skipped":0,"pct":0},"functions":{"total":2,"covered":0,"skipped":0,"pct":0},"statements":{"total":9,"covered":0,"skipped":0,"pct":0},"branches":{"total":4,"covered":0,"skipped":0,"pct":0}}
,"C:/Users/m0retto/Documents/projects/limmiar/apps/app/src/features/live-session/pcm-tap.processor.ts": {"lines":{"total":13,"covered":0,"skipped":0,"pct":0},"functions":{"total":2,"covered":0,"skipped":0,"pct":0},"statements":{"total":15,"covered":0,"skipped":0,"pct":0},"branches":{"total":6,"covered":0,"skipped":0,"pct":0}}
,"C:/Users/m0retto/Documents/projects/limmiar/apps/app/src/features/live-session/pcm-tap.ts": {"lines":{"total":11,"covered":0,"skipped":0,"pct":0},"functions":{"total":2,"covered":0,"skipped":0,"pct":0},"statements":{"total":11,"covered":0,"skipped":0,"pct":0},"branches":{"total":0,"covered":0,"skipped":0,"pct":100}}
,"C:/Users/m0retto/Documents/projects/limmiar/apps/app/src/features/live-session/segment-store.ts": {"lines":{"total":9,"covered":0,"skipped":0,"pct":0},"functions":{"total":6,"covered":0,"skipped":0,"pct":0},"statements":{"total":12,"covered":0,"skipped":0,"pct":0},"branches":{"total":2,"covered":0,"skipped":0,"pct":0}}
,"C:\\Users\\m0retto\\Documents\\projects\\limmiar\\apps\\app\\src\\features\\magic-link-auth\\MagicLinkCallback.tsx": {"lines":{"total":42,"covered":0,"skipped":0,"pct":0},"functions":{"total":4,"covered":0,"skipped":0,"pct":0},"statements":{"total":42,"covered":0,"skipped":0,"pct":0},"branches":{"total":20,"covered":0,"skipped":0,"pct":0}}
,"C:/Users/m0retto/Documents/projects/limmiar/apps/app/src/features/magic-link-auth/webauthn.ts": {"lines":{"total":7,"covered":0,"skipped":0,"pct":0},"functions":{"total":2,"covered":0,"skipped":0,"pct":0},"statements":{"total":7,"covered":0,"skipped":0,"pct":0},"branches":{"total":0,"covered":0,"skipped":0,"pct":100}}
,"C:/Users/m0retto/Documents/projects/limmiar/apps/app/src/features/nota-audio/reprodutor.ts": {"lines":{"total":15,"covered":4,"skipped":0,"pct":26.66},"functions":{"total":5,"covered":2,"skipped":0,"pct":40},"statements":{"total":16,"covered":4,"skipped":0,"pct":25},"branches":{"total":2,"covered":0,"skipped":0,"pct":0}}
,"C:/Users/m0retto/Documents/projects/limmiar/apps/app/src/features/nota-biblioteca/biblioteca.ts": {"lines":{"total":9,"covered":0,"skipped":0,"pct":0},"functions":{"total":4,"covered":0,"skipped":0,"pct":0},"statements":{"total":10,"covered":0,"skipped":0,"pct":0},"branches":{"total":2,"covered":0,"skipped":0,"pct":0}}
,"C:/Users/m0retto/Documents/projects/limmiar/apps/app/src/features/nota-biblioteca/indice-crypto.ts": {"lines":{"total":19,"covered":3,"skipped":0,"pct":15.78},"functions":{"total":6,"covered":0,"skipped":0,"pct":0},"statements":{"total":19,"covered":3,"skipped":0,"pct":15.78},"branches":{"total":4,"covered":0,"skipped":0,"pct":0}}
,"C:/Users/m0retto/Documents/projects/limmiar/apps/app/src/features/nota-biblioteca/indice-store.ts": {"lines":{"total":33,"covered":1,"skipped":0,"pct":3.03},"functions":{"total":9,"covered":0,"skipped":0,"pct":0},"statements":{"total":33,"covered":1,"skipped":0,"pct":3.03},"branches":{"total":14,"covered":0,"skipped":0,"pct":0}}
,"C:/Users/m0retto/Documents/projects/limmiar/apps/app/src/features/nota-biblioteca/indice.ts": {"lines":{"total":18,"covered":1,"skipped":0,"pct":5.55},"functions":{"total":9,"covered":0,"skipped":0,"pct":0},"statements":{"total":19,"covered":1,"skipped":0,"pct":5.26},"branches":{"total":6,"covered":0,"skipped":0,"pct":0}}
,"C:\\Users\\m0retto\\Documents\\projects\\limmiar\\apps\\app\\src\\features\\nota-editor\\Citacao.tsx": {"lines":{"total":11,"covered":0,"skipped":0,"pct":0},"functions":{"total":5,"covered":0,"skipped":0,"pct":0},"statements":{"total":11,"covered":0,"skipped":0,"pct":0},"branches":{"total":0,"covered":0,"skipped":0,"pct":100}}
,"C:\\Users\\m0retto\\Documents\\projects\\limmiar\\apps\\app\\src\\features\\nota-editor\\EditorSoap.tsx": {"lines":{"total":12,"covered":0,"skipped":0,"pct":0},"functions":{"total":7,"covered":0,"skipped":0,"pct":0},"statements":{"total":13,"covered":0,"skipped":0,"pct":0},"branches":{"total":2,"covered":0,"skipped":0,"pct":0}}
,"C:/Users/m0retto/Documents/projects/limmiar/apps/app/src/features/nota-editor/atalho-assinar.ts": {"lines":{"total":1,"covered":0,"skipped":0,"pct":0},"functions":{"total":1,"covered":0,"skipped":0,"pct":0},"statements":{"total":1,"covered":0,"skipped":0,"pct":0},"branches":{"total":3,"covered":0,"skipped":0,"pct":0}}
,"C:\\Users\\m0retto\\Documents\\projects\\limmiar\\apps\\app\\src\\features\\nota-fila\\FilaAssinatura.tsx": {"lines":{"total":25,"covered":0,"skipped":0,"pct":0},"functions":{"total":13,"covered":0,"skipped":0,"pct":0},"statements":{"total":28,"covered":0,"skipped":0,"pct":0},"branches":{"total":18,"covered":0,"skipped":0,"pct":0}}
,"C:/Users/m0retto/Documents/projects/limmiar/apps/app/src/features/nota-fila/navegacao-teclado.ts": {"lines":{"total":7,"covered":0,"skipped":0,"pct":0},"functions":{"total":1,"covered":0,"skipped":0,"pct":0},"statements":{"total":7,"covered":0,"skipped":0,"pct":0},"branches":{"total":6,"covered":0,"skipped":0,"pct":0}}
,"C:\\Users\\m0retto\\Documents\\projects\\limmiar\\apps\\app\\src\\features\\qr-scan\\PairingScan.tsx": {"lines":{"total":38,"covered":0,"skipped":0,"pct":0},"functions":{"total":5,"covered":0,"skipped":0,"pct":0},"statements":{"total":38,"covered":0,"skipped":0,"pct":0},"branches":{"total":24,"covered":0,"skipped":0,"pct":0}}
,"C:/Users/m0retto/Documents/projects/limmiar/apps/app/src/features/qr-scan/qr-decode.ts": {"lines":{"total":26,"covered":0,"skipped":0,"pct":0},"functions":{"total":5,"covered":0,"skipped":0,"pct":0},"statements":{"total":28,"covered":0,"skipped":0,"pct":0},"branches":{"total":6,"covered":0,"skipped":0,"pct":0}}
,"C:\\Users\\m0retto\\Documents\\projects\\limmiar\\apps\\app\\src\\features\\recovery\\RecoveryPhraseSetup.tsx": {"lines":{"total":28,"covered":0,"skipped":0,"pct":0},"functions":{"total":5,"covered":0,"skipped":0,"pct":0},"statements":{"total":28,"covered":0,"skipped":0,"pct":0},"branches":{"total":8,"covered":0,"skipped":0,"pct":0}}
,"C:\\Users\\m0retto\\Documents\\projects\\limmiar\\apps\\app\\src\\features\\recovery\\RecoveryScreen.tsx": {"lines":{"total":37,"covered":0,"skipped":0,"pct":0},"functions":{"total":8,"covered":0,"skipped":0,"pct":0},"statements":{"total":37,"covered":0,"skipped":0,"pct":0},"branches":{"total":15,"covered":0,"skipped":0,"pct":0}}
,"C:\\Users\\m0retto\\Documents\\projects\\limmiar\\apps\\app\\src\\features\\totp-challenge\\TotpChallenge.tsx": {"lines":{"total":15,"covered":0,"skipped":0,"pct":0},"functions":{"total":5,"covered":0,"skipped":0,"pct":0},"statements":{"total":15,"covered":0,"skipped":0,"pct":0},"branches":{"total":6,"covered":0,"skipped":0,"pct":0}}
,"C:\\Users\\m0retto\\Documents\\projects\\limmiar\\apps\\app\\src\\features\\totp-enrollment\\TotpSetup.tsx": {"lines":{"total":42,"covered":0,"skipped":0,"pct":0},"functions":{"total":10,"covered":0,"skipped":0,"pct":0},"statements":{"total":42,"covered":0,"skipped":0,"pct":0},"branches":{"total":14,"covered":0,"skipped":0,"pct":0}}
,"C:/Users/m0retto/Documents/projects/limmiar/apps/app/src/features/voice-enrollment/voice-crypto.ts": {"lines":{"total":4,"covered":0,"skipped":0,"pct":0},"functions":{"total":2,"covered":0,"skipped":0,"pct":0},"statements":{"total":4,"covered":0,"skipped":0,"pct":0},"branches":{"total":0,"covered":0,"skipped":0,"pct":100}}
,"C:/Users/m0retto/Documents/projects/limmiar/apps/app/src/features/voice-enrollment/voice-enrollment.ts": {"lines":{"total":17,"covered":0,"skipped":0,"pct":0},"functions":{"total":4,"covered":0,"skipped":0,"pct":0},"statements":{"total":17,"covered":0,"skipped":0,"pct":0},"branches":{"total":6,"covered":0,"skipped":0,"pct":0}}
,"C:/Users/m0retto/Documents/projects/limmiar/apps/app/src/pages/auth/AuthPage.tsx": {"lines":{"total":3,"covered":3,"skipped":0,"pct":100},"functions":{"total":2,"covered":2,"skipped":0,"pct":100},"statements":{"total":3,"covered":3,"skipped":0,"pct":100},"branches":{"total":4,"covered":4,"skipped":0,"pct":100}}
,"C:\\Users\\m0retto\\Documents\\projects\\limmiar\\apps\\app\\src\\pages\\biblioteca\\BibliotecaPage.tsx": {"lines":{"total":30,"covered":0,"skipped":0,"pct":0},"functions":{"total":5,"covered":0,"skipped":0,"pct":0},"statements":{"total":32,"covered":0,"skipped":0,"pct":0},"branches":{"total":16,"covered":0,"skipped":0,"pct":0}}
,"C:/Users/m0retto/Documents/projects/limmiar/apps/app/src/pages/device-pairing/PairNewPage.tsx": {"lines":{"total":6,"covered":6,"skipped":0,"pct":100},"functions":{"total":3,"covered":3,"skipped":0,"pct":100},"statements":{"total":6,"covered":6,"skipped":0,"pct":100},"branches":{"total":2,"covered":2,"skipped":0,"pct":100}}
,"C:/Users/m0retto/Documents/projects/limmiar/apps/app/src/pages/device-pairing/PairPrimaryPage.tsx": {"lines":{"total":2,"covered":2,"skipped":0,"pct":100},"functions":{"total":2,"covered":2,"skipped":0,"pct":100},"statements":{"total":2,"covered":2,"skipped":0,"pct":100},"branches":{"total":0,"covered":0,"skipped":0,"pct":100}}
,"C:\\Users\\m0retto\\Documents\\projects\\limmiar\\apps\\app\\src\\pages\\home\\HomePage.tsx": {"lines":{"total":3,"covered":0,"skipped":0,"pct":0},"functions":{"total":1,"covered":0,"skipped":0,"pct":0},"statements":{"total":3,"covered":0,"skipped":0,"pct":0},"branches":{"total":4,"covered":0,"skipped":0,"pct":0}}
,"C:\\Users\\m0retto\\Documents\\projects\\limmiar\\apps\\app\\src\\pages\\notas\\NotaPage.tsx": {"lines":{"total":52,"covered":22,"skipped":0,"pct":42.3},"functions":{"total":14,"covered":9,"skipped":0,"pct":64.28},"statements":{"total":57,"covered":25,"skipped":0,"pct":43.85},"branches":{"total":29,"covered":9,"skipped":0,"pct":31.03}}
,"C:/Users/m0retto/Documents/projects/limmiar/apps/app/src/pages/recovery/RecoveryPhraseSetupPage.tsx": {"lines":{"total":1,"covered":1,"skipped":0,"pct":100},"functions":{"total":2,"covered":2,"skipped":0,"pct":100},"statements":{"total":1,"covered":1,"skipped":0,"pct":100},"branches":{"total":0,"covered":0,"skipped":0,"pct":100}}
,"C:/Users/m0retto/Documents/projects/limmiar/apps/app/src/pages/settings/CopilotKeyPage.tsx": {"lines":{"total":4,"covered":4,"skipped":0,"pct":100},"functions":{"total":2,"covered":2,"skipped":0,"pct":100},"statements":{"total":5,"covered":5,"skipped":0,"pct":100},"branches":{"total":2,"covered":2,"skipped":0,"pct":100}}
,"C:/Users/m0retto/Documents/projects/limmiar/apps/app/src/shared/api/client.ts": {"lines":{"total":21,"covered":0,"skipped":0,"pct":0},"functions":{"total":4,"covered":0,"skipped":0,"pct":0},"statements":{"total":21,"covered":0,"skipped":0,"pct":0},"branches":{"total":12,"covered":0,"skipped":0,"pct":0}}
,"C:/Users/m0retto/Documents/projects/limmiar/apps/app/src/shared/api/problem-codes.ts": {"lines":{"total":1,"covered":1,"skipped":0,"pct":100},"functions":{"total":0,"covered":0,"skipped":0,"pct":100},"statements":{"total":1,"covered":1,"skipped":0,"pct":100},"branches":{"total":0,"covered":0,"skipped":0,"pct":100}}
,"C:\\Users\\m0retto\\Documents\\projects\\limmiar\\apps\\app\\src\\shared\\api\\problem-messages.ts": {"lines":{"total":6,"covered":3,"skipped":0,"pct":50},"functions":{"total":2,"covered":0,"skipped":0,"pct":0},"statements":{"total":6,"covered":3,"skipped":0,"pct":50},"branches":{"total":2,"covered":0,"skipped":0,"pct":0}}
,"C:/Users/m0retto/Documents/projects/limmiar/apps/app/src/shared/i18n/i18n.ts": {"lines":{"total":12,"covered":7,"skipped":0,"pct":58.33},"functions":{"total":5,"covered":2,"skipped":0,"pct":40},"statements":{"total":13,"covered":8,"skipped":0,"pct":61.53},"branches":{"total":2,"covered":1,"skipped":0,"pct":50}}
,"C:/Users/m0retto/Documents/projects/limmiar/apps/app/src/shared/i18n/locale/document-lang-sync.ts": {"lines":{"total":4,"covered":4,"skipped":0,"pct":100},"functions":{"total":2,"covered":2,"skipped":0,"pct":100},"statements":{"total":4,"covered":4,"skipped":0,"pct":100},"branches":{"total":0,"covered":0,"skipped":0,"pct":100}}
,"C:/Users/m0retto/Documents/projects/limmiar/apps/app/src/shared/i18n/locale/local-storage-locale-store.ts": {"lines":{"total":5,"covered":2,"skipped":0,"pct":40},"functions":{"total":2,"covered":0,"skipped":0,"pct":0},"statements":{"total":5,"covered":2,"skipped":0,"pct":40},"branches":{"total":2,"covered":0,"skipped":0,"pct":0}}
,"C:/Users/m0retto/Documents/projects/limmiar/apps/app/src/shared/lib/base64.ts": {"lines":{"total":9,"covered":9,"skipped":0,"pct":100},"functions":{"total":2,"covered":2,"skipped":0,"pct":100},"statements":{"total":10,"covered":10,"skipped":0,"pct":100},"branches":{"total":0,"covered":0,"skipped":0,"pct":100}}
,"C:/Users/m0retto/Documents/projects/limmiar/apps/app/src/shared/lib/opfs.ts": {"lines":{"total":4,"covered":0,"skipped":0,"pct":0},"functions":{"total":1,"covered":0,"skipped":0,"pct":0},"statements":{"total":4,"covered":0,"skipped":0,"pct":0},"branches":{"total":0,"covered":0,"skipped":0,"pct":100}}
,"C:\\Users\\m0retto\\Documents\\projects\\limmiar\\apps\\app\\src\\widgets\\auth-screen\\AuthScreen.tsx": {"lines":{"total":52,"covered":0,"skipped":0,"pct":0},"functions":{"total":13,"covered":0,"skipped":0,"pct":0},"statements":{"total":52,"covered":0,"skipped":0,"pct":0},"branches":{"total":31,"covered":0,"skipped":0,"pct":0}}
,"C:\\Users\\m0retto\\Documents\\projects\\limmiar\\apps\\app\\src\\widgets\\biblioteca\\BibliotecaNotas.tsx": {"lines":{"total":11,"covered":0,"skipped":0,"pct":0},"functions":{"total":8,"covered":0,"skipped":0,"pct":0},"statements":{"total":12,"covered":0,"skipped":0,"pct":0},"branches":{"total":8,"covered":0,"skipped":0,"pct":0}}
,"C:\\Users\\m0retto\\Documents\\projects\\limmiar\\apps\\app\\src\\widgets\\patient-wallet\\PatientWallet.tsx": {"lines":{"total":32,"covered":0,"skipped":0,"pct":0},"functions":{"total":7,"covered":0,"skipped":0,"pct":0},"statements":{"total":35,"covered":0,"skipped":0,"pct":0},"branches":{"total":21,"covered":0,"skipped":0,"pct":0}}
,"C:\\Users\\m0retto\\Documents\\projects\\limmiar\\apps\\app\\src\\widgets\\soap-editor\\FilaEEditor.tsx": {"lines":{"total":4,"covered":0,"skipped":0,"pct":0},"functions":{"total":2,"covered":0,"skipped":0,"pct":0},"statements":{"total":5,"covered":0,"skipped":0,"pct":0},"branches":{"total":4,"covered":0,"skipped":0,"pct":0}}
}
